Using pre-set license
Built from '2022.3/staging' branch; Version is '2022.3.33f1 (b2c853adf198) revision 11716691'; Using compiler version '192829333'; Build Type 'Release'
OS: 'Windows 11  (10.0.22631) 64bit Education' Language: 'en' Physical Memory: 32477 MB
BatchMode: 1, IsHumanControllingUs: 0, StartBugReporterOnCrash: 0, Is64bit: 1, IsPro: 1

COMMAND LINE ARGUMENTS:
C:\Program Files\Unity\Hub\Editor\2022.3.33f1\Editor\Unity.exe
-adb2
-batchMode
-noUpm
-name
AssetImportWorker3
-projectPath
C:/Users/2412587/Unity/Velocity Rush 3D
-logFile
Logs/AssetImportWorker3.log
-srvPort
53109
Successfully changed project path to: C:/Users/2412587/Unity/Velocity Rush 3D
C:/Users/2412587/Unity/Velocity Rush 3D
[UnityMemory] Configuration Parameters - Can be set up in boot.config
    "memorysetup-bucket-allocator-granularity=16"
    "memorysetup-bucket-allocator-bucket-count=8"
    "memorysetup-bucket-allocator-block-size=33554432"
    "memorysetup-bucket-allocator-block-count=8"
    "memorysetup-main-allocator-block-size=16777216"
    "memorysetup-thread-allocator-block-size=16777216"
    "memorysetup-gfx-main-allocator-block-size=16777216"
    "memorysetup-gfx-thread-allocator-block-size=16777216"
    "memorysetup-cache-allocator-block-size=4194304"
    "memorysetup-typetree-allocator-block-size=2097152"
    "memorysetup-profiler-bucket-allocator-granularity=16"
    "memorysetup-profiler-bucket-allocator-bucket-count=8"
    "memorysetup-profiler-bucket-allocator-block-size=33554432"
    "memorysetup-profiler-bucket-allocator-block-count=8"
    "memorysetup-profiler-allocator-block-size=16777216"
    "memorysetup-profiler-editor-allocator-block-size=1048576"
    "memorysetup-temp-allocator-size-main=16777216"
    "memorysetup-job-temp-allocator-block-size=2097152"
    "memorysetup-job-temp-allocator-block-size-background=1048576"
    "memorysetup-job-temp-allocator-reduction-small-platforms=262144"
    "memorysetup-allocator-temp-initial-block-size-main=262144"
    "memorysetup-allocator-temp-initial-block-size-worker=262144"
    "memorysetup-temp-allocator-size-background-worker=32768"
    "memorysetup-temp-allocator-size-job-worker=262144"
    "memorysetup-temp-allocator-size-preload-manager=33554432"
    "memorysetup-temp-allocator-size-nav-mesh-worker=65536"
    "memorysetup-temp-allocator-size-audio-worker=65536"
    "memorysetup-temp-allocator-size-cloud-worker=32768"
    "memorysetup-temp-allocator-size-gi-baking-worker=262144"
    "memorysetup-temp-allocator-size-gfx=262144"
Player connection [11200] Host "[IP] 10.4.4.212 [Port] 0 [Flags] 2 [Guid] 445149550 [EditorId] 445149550 [Version] 1048832 [Id] WindowsEditor(7,UL04PCJL21A-10) [Debug] 1 [PackageName] WindowsEditor [ProjectName] Editor" joined multi-casting on [225.0.0.222:54997]...

Player connection [11200] Host "[IP] 10.4.4.212 [Port] 0 [Flags] 2 [Guid] 445149550 [EditorId] 445149550 [Version] 1048832 [Id] WindowsEditor(7,UL04PCJL21A-10) [Debug] 1 [PackageName] WindowsEditor [ProjectName] Editor" joined alternative multi-casting on [225.0.0.222:34997]...

[PhysX] Initialized MultithreadedTaskDispatcher with 20 workers.
Refreshing native plugins compatible for Editor in 28.62 ms, found 3 plugins.
Preloading 0 native plugins for Editor in 0.00 ms.
Initialize engine version: 2022.3.33f1 (b2c853adf198)
[Subsystems] Discovering subsystems at path C:/Program Files/Unity/Hub/Editor/2022.3.33f1/Editor/Data/Resources/UnitySubsystems
[Subsystems] Discovering subsystems at path C:/Users/2412587/Unity/Velocity Rush 3D/Assets
GfxDevice: creating device client; threaded=0; jobified=0
Direct3D:
    Version:  Direct3D 11.0 [level 11.1]
    Renderer: NVIDIA GeForce RTX 3080 (ID=0x2206)
    Vendor:   NVIDIA
    VRAM:     10053 MB
    Driver:   32.0.15.6109
Initialize mono
Mono path[0] = 'C:/Program Files/Unity/Hub/Editor/2022.3.33f1/Editor/Data/Managed'
Mono path[1] = 'C:/Program Files/Unity/Hub/Editor/2022.3.33f1/Editor/Data/MonoBleedingEdge/lib/mono/unityjit-win32'
Mono config path = 'C:/Program Files/Unity/Hub/Editor/2022.3.33f1/Editor/Data/MonoBleedingEdge/etc'
Using monoOptions --debugger-agent=transport=dt_socket,embedding=1,server=y,suspend=n,address=127.0.0.1:56688
Begin MonoManager ReloadAssembly
Registering precompiled unity dll's ...
Register platform support module: C:/Program Files/Unity/Hub/Editor/2022.3.33f1/Editor/Data/PlaybackEngines/AndroidPlayer/UnityEditor.Android.Extensions.dll
Register platform support module: C:/Program Files/Unity/Hub/Editor/2022.3.33f1/Editor/Data/PlaybackEngines/iOSSupport/UnityEditor.iOS.Extensions.dll
Register platform support module: C:/Program Files/Unity/Hub/Editor/2022.3.33f1/Editor/Data/PlaybackEngines/WindowsStandaloneSupport/UnityEditor.WindowsStandalone.Extensions.dll
Registered in 0.015329 seconds.
- Loaded All Assemblies, in  0.446 seconds
Native extension for WindowsStandalone target not found
[usbmuxd] Start listen thread
[usbmuxd] Listen thread started
Native extension for iOS target not found
Native extension for Android target not found
Android Extension - Scanning For ADB Devices 589 ms
Mono: successfully reloaded assembly
- Finished resetting the current domain, in  0.952 seconds
Domain Reload Profiling: 1395ms
	BeginReloadAssembly (158ms)
		ExecutionOrderSort (0ms)
		DisableScriptedObjects (0ms)
		BackupInstance (0ms)
		ReleaseScriptingObjects (0ms)
		CreateAndSetChildDomain (1ms)
	RebuildCommonClasses (38ms)
	RebuildNativeTypeToScriptingClass (11ms)
	initialDomainReloadingComplete (66ms)
	LoadAllAssembliesAndSetupDomain (171ms)
		LoadAssemblies (159ms)
		RebuildTransferFunctionScriptingTraits (0ms)
		AnalyzeDomain (166ms)
			TypeCache.Refresh (165ms)
				TypeCache.ScanAssembly (148ms)
			ScanForSourceGeneratedMonoScriptInfo (0ms)
			ResolveRequiredComponents (0ms)
	FinalizeReload (952ms)
		ReleaseScriptCaches (0ms)
		RebuildScriptCaches (0ms)
		SetupLoadedEditorAssemblies (897ms)
			LogAssemblyErrors (0ms)
			InitializePlatformSupportModulesInManaged (734ms)
			SetLoadedEditorAssemblies (4ms)
			RefreshPlugins (0ms)
			BeforeProcessingInitializeOnLoad (2ms)
			ProcessInitializeOnLoadAttributes (108ms)
			ProcessInitializeOnLoadMethodAttributes (48ms)
			AfterProcessingInitializeOnLoad (0ms)
			EditorAssembliesLoaded (0ms)
		ExecutionOrderSort2 (0ms)
		AwakeInstancesAfterBackupRestoration (0ms)
========================================================================
Worker process is ready to serve import requests
Begin MonoManager ReloadAssembly
- Loaded All Assemblies, in  2.593 seconds
Refreshing native plugins compatible for Editor in 15.16 ms, found 3 plugins.
Native extension for WindowsStandalone target not found
Native extension for iOS target not found
Native extension for Android target not found
Package Manager log level set to [2]
[Package Manager] Server::EnsureServerProcessIsRunning -- launch failed, reason: Unity was launched with the -noUpm command-line argument
[Package Manager] UpmClient::Send -- Unable to send message (not connected to UPM process).
[Package Manager] Cannot connect to Unity Package Manager local server
Mono: successfully reloaded assembly
- Finished resetting the current domain, in  0.695 seconds
Domain Reload Profiling: 3285ms
	BeginReloadAssembly (195ms)
		ExecutionOrderSort (0ms)
		DisableScriptedObjects (6ms)
		BackupInstance (0ms)
		ReleaseScriptingObjects (0ms)
		CreateAndSetChildDomain (28ms)
	RebuildCommonClasses (35ms)
	RebuildNativeTypeToScriptingClass (11ms)
	initialDomainReloadingComplete (43ms)
	LoadAllAssembliesAndSetupDomain (2306ms)
		LoadAssemblies (2199ms)
		RebuildTransferFunctionScriptingTraits (0ms)
		AnalyzeDomain (235ms)
			TypeCache.Refresh (206ms)
				TypeCache.ScanAssembly (186ms)
			ScanForSourceGeneratedMonoScriptInfo (20ms)
			ResolveRequiredComponents (7ms)
	FinalizeReload (696ms)
		ReleaseScriptCaches (0ms)
		RebuildScriptCaches (0ms)
		SetupLoadedEditorAssemblies (525ms)
			LogAssemblyErrors (0ms)
			InitializePlatformSupportModulesInManaged (37ms)
			SetLoadedEditorAssemblies (4ms)
			RefreshPlugins (0ms)
			BeforeProcessingInitializeOnLoad (62ms)
			ProcessInitializeOnLoadAttributes (353ms)
			ProcessInitializeOnLoadMethodAttributes (61ms)
			AfterProcessingInitializeOnLoad (7ms)
			EditorAssembliesLoaded (0ms)
		ExecutionOrderSort2 (0ms)
		AwakeInstancesAfterBackupRestoration (10ms)
Launched and connected shader compiler UnityShaderCompiler.exe after 0.07 seconds
Refreshing native plugins compatible for Editor in 9.85 ms, found 3 plugins.
Preloading 0 native plugins for Editor in 0.00 ms.
Unloading 4362 Unused Serialized files (Serialized files now loaded: 0)
Unloading 57 unused Assets / (417.5 KB). Loaded Objects now: 4830.
Memory consumption went from 158.0 MB to 157.6 MB.
Total: 4.232400 ms (FindLiveObjects: 0.423700 ms CreateObjectMapping: 0.313400 ms MarkObjects: 3.296100 ms  DeleteObjects: 0.198100 ms)

AssetImportParameters requested are different than current active one (requested -> active):
  custom:container-demuxer-ogg: 62fdf1f143b41e24485cea50d1cbac27 -> 
  custom:video-codec-MediaFoundation-h265: 746d11721c4dcdbdad8f713fa42b33f4 -> 
  custom:video-decoder-ogg-theora: a1e56fd34408186e4bbccfd4996cb3dc -> 
  custom:framework-win-MediaFoundation: 216162199b28c13a410421893ffa2e32 -> 
  custom:CustomObjectIndexerAttribute: 9a22284fe3817be447336de3de66b15e -> 
  custom:container-demuxer-webm: 4f35f7cbe854078d1ac9338744f61a02 -> 
  custom:container-muxer-webm: aa71ff27fc2769a1b78a27578f13a17b -> 
  custom:video-decoder-webm-vp8: 9c59270c3fd7afecdb556c50c9e8de78 -> 
  custom:SearchIndexIgnoredProperties: e643bd26f0fe6173181afceb89e7c659 -> 
  custom:AudioImporter_EditorPlatform: d09bf68614088b80899f8185d706f6e7 -> 
  custom:video-encoder-webm-vp8: eb34c28f22e8b96e1ab97ce403110664 -> 
  custom:scripting/monoscript/fileName/RoadManager.cs: 5a5c8a103d767a4f86cda85b2595253a -> 
  custom:audio-decoder-ogg-vorbis: bf7c407c2cedff20999df2af8eb42d56 -> 
  custom:audio-encoder-webm-vorbis: bf7c407c2cedff20999df2af8eb42d56 -> 
========================================================================
Received Import Request.
  Time since last request: 3311.030569 seconds.
  path: Assets/Environment/Road props for games/Prefabs/BarrierFence_L.prefab
  artifactKey: Guid(7a403819ac3e2284bada563d98651552) Importer(815301076,1909f56bfc062723c751e8b465ee728b)
Start importing Assets/Environment/Road props for games/Prefabs/BarrierFence_L.prefab using Guid(7a403819ac3e2284bada563d98651552) Importer(815301076,1909f56bfc062723c751e8b465ee728b) [PhysX] Initialized MultithreadedTaskDispatcher with 20 workers.
[PhysX] Initialized MultithreadedTaskDispatcher with 20 workers.
 -> (artifact id: '26423aada6ec280a7f8913cdbc820449') in 0.164505 seconds
Number of updated asset objects reloaded before import = 0
Number of asset objects unloaded after import = 10
========================================================================
Received Import Request.
  Time since last request: 1579.468730 seconds.
  path: Assets/Prefab/Road2.prefab
  artifactKey: Guid(f69ed1cea08dde041bba85df7b9a55c8) Importer(815301076,1909f56bfc062723c751e8b465ee728b)
Start importing Assets/Prefab/Road2.prefab using Guid(f69ed1cea08dde041bba85df7b9a55c8) Importer(815301076,1909f56bfc062723c751e8b465ee728b) [PhysX] Initialized MultithreadedTaskDispatcher with 20 workers.
[PhysX] Initialized MultithreadedTaskDispatcher with 20 workers.
 -> (artifact id: '68ed4c2b34bb845af266f385ff736a09') in 0.053309 seconds
Number of updated asset objects reloaded before import = 0
Number of asset objects unloaded after import = 53
========================================================================
Received Import Request.
  Time since last request: 378.976182 seconds.
  path: Assets/City Props Bundle/MAPS/barrels/barrel_blue_DefaultMaterial_AO.png
  artifactKey: Guid(29e1b69d6a58b344292ed7217a2dba72) Importer(815301076,1909f56bfc062723c751e8b465ee728b)
Start importing Assets/City Props Bundle/MAPS/barrels/barrel_blue_DefaultMaterial_AO.png using Guid(29e1b69d6a58b344292ed7217a2dba72) Importer(815301076,1909f56bfc062723c751e8b465ee728b) [PhysX] Initialized MultithreadedTaskDispatcher with 20 workers.
[PhysX] Initialized MultithreadedTaskDispatcher with 20 workers.
 -> (artifact id: 'd84c4a3da818a6921cd6a1788e7248af') in 0.024758 seconds
Number of updated asset objects reloaded before import = 0
Number of asset objects unloaded after import = 2
========================================================================
Received Import Request.
  Time since last request: 0.001476 seconds.
  path: Assets/City Props Bundle/MAPS/barrels/barrel_blue_DefaultMaterial_Normal.png
  artifactKey: Guid(5ccee83f0fa32c64f8aed446e77bd242) Importer(815301076,1909f56bfc062723c751e8b465ee728b)
Start importing Assets/City Props Bundle/MAPS/barrels/barrel_blue_DefaultMaterial_Normal.png using Guid(5ccee83f0fa32c64f8aed446e77bd242) Importer(815301076,1909f56bfc062723c751e8b465ee728b) [PhysX] Initialized MultithreadedTaskDispatcher with 20 workers.
[PhysX] Initialized MultithreadedTaskDispatcher with 20 workers.
 -> (artifact id: '344eacb67abf693a7548abd091d8e724') in 0.023480 seconds
Number of updated asset objects reloaded before import = 0
Number of asset objects unloaded after import = 2
========================================================================
Received Import Request.
  Time since last request: 0.000025 seconds.
  path: Assets/City Props Bundle/MAPS/barrels/barrel_red_DefaultMaterial_MetallicSmoothness.png
  artifactKey: Guid(dde7d17d38cc49a41ba66c1bee6cae52) Importer(815301076,1909f56bfc062723c751e8b465ee728b)
Start importing Assets/City Props Bundle/MAPS/barrels/barrel_red_DefaultMaterial_MetallicSmoothness.png using Guid(dde7d17d38cc49a41ba66c1bee6cae52) Importer(815301076,1909f56bfc062723c751e8b465ee728b) [PhysX] Initialized MultithreadedTaskDispatcher with 20 workers.
[PhysX] Initialized MultithreadedTaskDispatcher with 20 workers.
 -> (artifact id: 'd3800faae303f85b799197db7b9f8041') in 0.013095 seconds
Number of updated asset objects reloaded before import = 0
Number of asset objects unloaded after import = 2
========================================================================
Received Import Request.
  Time since last request: 0.000022 seconds.
  path: Assets/City Props Bundle/MAPS/barrels/barrel_blue_DefaultMaterial_MetallicSmoothness.png
  artifactKey: Guid(cd0c5f15a09a05d469de816850e66356) Importer(815301076,1909f56bfc062723c751e8b465ee728b)
Start importing Assets/City Props Bundle/MAPS/barrels/barrel_blue_DefaultMaterial_MetallicSmoothness.png using Guid(cd0c5f15a09a05d469de816850e66356) Importer(815301076,1909f56bfc062723c751e8b465ee728b) [PhysX] Initialized MultithreadedTaskDispatcher with 20 workers.
[PhysX] Initialized MultithreadedTaskDispatcher with 20 workers.
 -> (artifact id: '786ffa71d6b240340401b3cc9b28ae98') in 0.011695 seconds
Number of updated asset objects reloaded before import = 0
Number of asset objects unloaded after import = 2
========================================================================
Received Import Request.
  Time since last request: 1.068657 seconds.
  path: Assets/City Props Bundle/MAPS/barrels/barrel_yellow_DefaultMaterial_AO.png
  artifactKey: Guid(b1bf629ed5c9b5a4088e3b792f25b664) Importer(815301076,1909f56bfc062723c751e8b465ee728b)
Start importing Assets/City Props Bundle/MAPS/barrels/barrel_yellow_DefaultMaterial_AO.png using Guid(b1bf629ed5c9b5a4088e3b792f25b664) Importer(815301076,1909f56bfc062723c751e8b465ee728b) [PhysX] Initialized MultithreadedTaskDispatcher with 20 workers.
[PhysX] Initialized MultithreadedTaskDispatcher with 20 workers.
 -> (artifact id: '8958333302b7f5e07aa491f8e8c1fbcb') in 0.010740 seconds
Number of updated asset objects reloaded before import = 0
Number of asset objects unloaded after import = 2
========================================================================
Received Import Request.
  Time since last request: 0.036093 seconds.
  path: Assets/City Props Bundle/MAPS/barrels/barrel_yellow_DefaultMaterial_Normal.png
  artifactKey: Guid(e5ce2c1206918104289d79d7c434f131) Importer(815301076,1909f56bfc062723c751e8b465ee728b)
Start importing Assets/City Props Bundle/MAPS/barrels/barrel_yellow_DefaultMaterial_Normal.png using Guid(e5ce2c1206918104289d79d7c434f131) Importer(815301076,1909f56bfc062723c751e8b465ee728b) [PhysX] Initialized MultithreadedTaskDispatcher with 20 workers.
[PhysX] Initialized MultithreadedTaskDispatcher with 20 workers.
 -> (artifact id: 'ebec173afe65744972758c2fb1f5b62d') in 0.011002 seconds
Number of updated asset objects reloaded before import = 0
Number of asset objects unloaded after import = 2
========================================================================
Received Import Request.
  Time since last request: 0.334271 seconds.
  path: Assets/City Props Bundle/MAPS/road_barriers/barrier01_DefaultMaterial_AO.png
  artifactKey: Guid(c5965e8f2617bf143a646a16287d8be1) Importer(815301076,1909f56bfc062723c751e8b465ee728b)
Start importing Assets/City Props Bundle/MAPS/road_barriers/barrier01_DefaultMaterial_AO.png using Guid(c5965e8f2617bf143a646a16287d8be1) Importer(815301076,1909f56bfc062723c751e8b465ee728b) [PhysX] Initialized MultithreadedTaskDispatcher with 20 workers.
[PhysX] Initialized MultithreadedTaskDispatcher with 20 workers.
 -> (artifact id: '8d7736d9bdea08fcb000067291183267') in 0.011739 seconds
Number of updated asset objects reloaded before import = 0
Number of asset objects unloaded after import = 2
========================================================================
Received Import Request.
  Time since last request: 0.058450 seconds.
  path: Assets/City Props Bundle/MAPS/road_barriers/barrier01_DefaultMaterial_Normal.png
  artifactKey: Guid(118b775d7e7bfaf498cb25d8eff0a8b0) Importer(815301076,1909f56bfc062723c751e8b465ee728b)
Start importing Assets/City Props Bundle/MAPS/road_barriers/barrier01_DefaultMaterial_Normal.png using Guid(118b775d7e7bfaf498cb25d8eff0a8b0) Importer(815301076,1909f56bfc062723c751e8b465ee728b) [PhysX] Initialized MultithreadedTaskDispatcher with 20 workers.
[PhysX] Initialized MultithreadedTaskDispatcher with 20 workers.
 -> (artifact id: '6bd4cf8f36c11d30a183f38a4aa4d64f') in 0.013647 seconds
Number of updated asset objects reloaded before import = 0
Number of asset objects unloaded after import = 2
========================================================================
Received Import Request.
  Time since last request: 0.023083 seconds.
  path: Assets/City Props Bundle/MAPS/benches/bench_01_DefaultMaterial_AO.png
  artifactKey: Guid(abb0d9fd58310224cbfcf2e5f97aa174) Importer(815301076,1909f56bfc062723c751e8b465ee728b)
Start importing Assets/City Props Bundle/MAPS/benches/bench_01_DefaultMaterial_AO.png using Guid(abb0d9fd58310224cbfcf2e5f97aa174) Importer(815301076,1909f56bfc062723c751e8b465ee728b) [PhysX] Initialized MultithreadedTaskDispatcher with 20 workers.
[PhysX] Initialized MultithreadedTaskDispatcher with 20 workers.
 -> (artifact id: '3bbaaa52bd9f3e0661b624c2eb72e0ca') in 0.014272 seconds
Number of updated asset objects reloaded before import = 0
Number of asset objects unloaded after import = 2
========================================================================
Received Import Request.
  Time since last request: 0.305998 seconds.
  path: Assets/City Props Bundle/MAPS/benches/bench_01_DefaultMaterial_Normal.png
  artifactKey: Guid(0c4c6dca83d2f3d4d9f352ef812c3245) Importer(815301076,1909f56bfc062723c751e8b465ee728b)
Start importing Assets/City Props Bundle/MAPS/benches/bench_01_DefaultMaterial_Normal.png using Guid(0c4c6dca83d2f3d4d9f352ef812c3245) Importer(815301076,1909f56bfc062723c751e8b465ee728b) [PhysX] Initialized MultithreadedTaskDispatcher with 20 workers.
[PhysX] Initialized MultithreadedTaskDispatcher with 20 workers.
 -> (artifact id: '130a512b3e411f13d5e2826cbc321c0d') in 0.014560 seconds
Number of updated asset objects reloaded before import = 0
Number of asset objects unloaded after import = 2
========================================================================
Received Import Request.
  Time since last request: 0.020981 seconds.
  path: Assets/City Props Bundle/MAPS/benches/bench_02_DefaultMaterial_AO.png
  artifactKey: Guid(7b14b16d933b5f242bc0fb63d3590436) Importer(815301076,1909f56bfc062723c751e8b465ee728b)
Start importing Assets/City Props Bundle/MAPS/benches/bench_02_DefaultMaterial_AO.png using Guid(7b14b16d933b5f242bc0fb63d3590436) Importer(815301076,1909f56bfc062723c751e8b465ee728b) [PhysX] Initialized MultithreadedTaskDispatcher with 20 workers.
[PhysX] Initialized MultithreadedTaskDispatcher with 20 workers.
 -> (artifact id: 'cfac4c733214bfee8f7bc192376a31c2') in 0.012764 seconds
Number of updated asset objects reloaded before import = 0
Number of asset objects unloaded after import = 2
========================================================================
Received Import Request.
  Time since last request: 0.333398 seconds.
  path: Assets/City Props Bundle/MAPS/benches/bench_02_DefaultMaterial_Normal.png
  artifactKey: Guid(0fe733df7500ec349a4acd91f3a26bfc) Importer(815301076,1909f56bfc062723c751e8b465ee728b)
Start importing Assets/City Props Bundle/MAPS/benches/bench_02_DefaultMaterial_Normal.png using Guid(0fe733df7500ec349a4acd91f3a26bfc) Importer(815301076,1909f56bfc062723c751e8b465ee728b) [PhysX] Initialized MultithreadedTaskDispatcher with 20 workers.
[PhysX] Initialized MultithreadedTaskDispatcher with 20 workers.
 -> (artifact id: 'a1ed1e53bd171294f9aa778272af449b') in 0.013963 seconds
Number of updated asset objects reloaded before import = 0
Number of asset objects unloaded after import = 2
========================================================================
Received Import Request.
  Time since last request: 0.039964 seconds.
  path: Assets/City Props Bundle/MAPS/bins/bin_01_DefaultMaterial_AO.png
  artifactKey: Guid(6a4ce290c6dee074bb4ce0b53e3642ee) Importer(815301076,1909f56bfc062723c751e8b465ee728b)
Start importing Assets/City Props Bundle/MAPS/bins/bin_01_DefaultMaterial_AO.png using Guid(6a4ce290c6dee074bb4ce0b53e3642ee) Importer(815301076,1909f56bfc062723c751e8b465ee728b) [PhysX] Initialized MultithreadedTaskDispatcher with 20 workers.
[PhysX] Initialized MultithreadedTaskDispatcher with 20 workers.
 -> (artifact id: '3c1ffc55afa8033ed3c0a6e2587d496a') in 0.012176 seconds
Number of updated asset objects reloaded before import = 0
Number of asset objects unloaded after import = 2
========================================================================
Received Import Request.
  Time since last request: 0.067749 seconds.
  path: Assets/City Props Bundle/MAPS/bins/bin_01_DefaultMaterial_Normal.png
  artifactKey: Guid(71b90957d519cf4488e091bd2ac70ef9) Importer(815301076,1909f56bfc062723c751e8b465ee728b)
Start importing Assets/City Props Bundle/MAPS/bins/bin_01_DefaultMaterial_Normal.png using Guid(71b90957d519cf4488e091bd2ac70ef9) Importer(815301076,1909f56bfc062723c751e8b465ee728b) [PhysX] Initialized MultithreadedTaskDispatcher with 20 workers.
[PhysX] Initialized MultithreadedTaskDispatcher with 20 workers.
 -> (artifact id: 'b4ee4e700b83d4b3ea3aa5de736cf1d4') in 0.013667 seconds
Number of updated asset objects reloaded before import = 0
Number of asset objects unloaded after import = 2
========================================================================
Received Import Request.
  Time since last request: 4.272315 seconds.
  path: Assets/City Props Bundle/MAPS/bins/bin_02_DefaultMaterial_AO.png
  artifactKey: Guid(69b18b754cc9b0b40b58fe41ba40d16f) Importer(815301076,1909f56bfc062723c751e8b465ee728b)
Start importing Assets/City Props Bundle/MAPS/bins/bin_02_DefaultMaterial_AO.png using Guid(69b18b754cc9b0b40b58fe41ba40d16f) Importer(815301076,1909f56bfc062723c751e8b465ee728b) [PhysX] Initialized MultithreadedTaskDispatcher with 20 workers.
[PhysX] Initialized MultithreadedTaskDispatcher with 20 workers.
 -> (artifact id: '506e8f6cd43abf83a4b7f0c24330d268') in 0.013039 seconds
Number of updated asset objects reloaded before import = 0
Number of asset objects unloaded after import = 2
========================================================================
Received Import Request.
  Time since last request: 0.045541 seconds.
  path: Assets/City Props Bundle/MAPS/bins/bin_02_DefaultMaterial_Normal.png
  artifactKey: Guid(7080cf9ad6b9bfc409f885bc31745f40) Importer(815301076,1909f56bfc062723c751e8b465ee728b)
Start importing Assets/City Props Bundle/MAPS/bins/bin_02_DefaultMaterial_Normal.png using Guid(7080cf9ad6b9bfc409f885bc31745f40) Importer(815301076,1909f56bfc062723c751e8b465ee728b) [PhysX] Initialized MultithreadedTaskDispatcher with 20 workers.
[PhysX] Initialized MultithreadedTaskDispatcher with 20 workers.
 -> (artifact id: '601a0b7ef85a003493b583f668e2c72d') in 0.015815 seconds
Number of updated asset objects reloaded before import = 0
Number of asset objects unloaded after import = 2
========================================================================
Received Import Request.
  Time since last request: 0.246058 seconds.
  path: Assets/City Props Bundle/MAPS/bins/bin_03_AO.png
  artifactKey: Guid(a207c7ddd1c842d409fad011adb0fd27) Importer(815301076,1909f56bfc062723c751e8b465ee728b)
Start importing Assets/City Props Bundle/MAPS/bins/bin_03_AO.png using Guid(a207c7ddd1c842d409fad011adb0fd27) Importer(815301076,1909f56bfc062723c751e8b465ee728b) [PhysX] Initialized MultithreadedTaskDispatcher with 20 workers.
[PhysX] Initialized MultithreadedTaskDispatcher with 20 workers.
 -> (artifact id: 'b0c48fd688d2510fe5ba4e1d9d500ebe') in 0.010920 seconds
Number of updated asset objects reloaded before import = 0
Number of asset objects unloaded after import = 2
========================================================================
Received Import Request.
  Time since last request: 0.000023 seconds.
  path: Assets/City Props Bundle/MAPS/bins/bin_03_MetallicSmoothness.png
  artifactKey: Guid(d96d2748f019b12449b0a17cb4f5932c) Importer(815301076,1909f56bfc062723c751e8b465ee728b)
Start importing Assets/City Props Bundle/MAPS/bins/bin_03_MetallicSmoothness.png using Guid(d96d2748f019b12449b0a17cb4f5932c) Importer(815301076,1909f56bfc062723c751e8b465ee728b) [PhysX] Initialized MultithreadedTaskDispatcher with 20 workers.
[PhysX] Initialized MultithreadedTaskDispatcher with 20 workers.
 -> (artifact id: 'f4851fb65c6b6b224a065a0e311e8732') in 0.013541 seconds
Number of updated asset objects reloaded before import = 0
Number of asset objects unloaded after import = 2
========================================================================
Received Import Request.
  Time since last request: 0.309592 seconds.
  path: Assets/City Props Bundle/MAPS/bins/bin_logo_alpha.png
  artifactKey: Guid(16d12eaaedb603947a3642280a904af5) Importer(815301076,1909f56bfc062723c751e8b465ee728b)
Start importing Assets/City Props Bundle/MAPS/bins/bin_logo_alpha.png using Guid(16d12eaaedb603947a3642280a904af5) Importer(815301076,1909f56bfc062723c751e8b465ee728b) [PhysX] Initialized MultithreadedTaskDispatcher with 20 workers.
[PhysX] Initialized MultithreadedTaskDispatcher with 20 workers.
 -> (artifact id: 'df1b7149d00052dbcfa6f8b99174aafe') in 0.010850 seconds
Number of updated asset objects reloaded before import = 0
Number of asset objects unloaded after import = 2
========================================================================
Received Import Request.
  Time since last request: 0.000020 seconds.
  path: Assets/Player/PlayerCharacter/textures/Boy01_FacialAnimMap.png
  artifactKey: Guid(7a27656a75d8f984f869776b83591ac9) Importer(815301076,1909f56bfc062723c751e8b465ee728b)
Start importing Assets/Player/PlayerCharacter/textures/Boy01_FacialAnimMap.png using Guid(7a27656a75d8f984f869776b83591ac9) Importer(815301076,1909f56bfc062723c751e8b465ee728b) [PhysX] Initialized MultithreadedTaskDispatcher with 20 workers.
[PhysX] Initialized MultithreadedTaskDispatcher with 20 workers.
 -> (artifact id: 'c29468e0fee055094cf325a52ce761a6') in 0.012880 seconds
Number of updated asset objects reloaded before import = 0
Number of asset objects unloaded after import = 2
========================================================================
Received Import Request.
  Time since last request: 0.035740 seconds.
  path: Assets/Player/PlayerCharacter/textures/Boy01_spec.jpg
  artifactKey: Guid(95f7bc374db77cf43a255a0da2f8ae1c) Importer(815301076,1909f56bfc062723c751e8b465ee728b)
Start importing Assets/Player/PlayerCharacter/textures/Boy01_spec.jpg using Guid(95f7bc374db77cf43a255a0da2f8ae1c) Importer(815301076,1909f56bfc062723c751e8b465ee728b) [PhysX] Initialized MultithreadedTaskDispatcher with 20 workers.
[PhysX] Initialized MultithreadedTaskDispatcher with 20 workers.
 -> (artifact id: 'ee3de282faff12134cd22817381305a6') in 0.010796 seconds
Number of updated asset objects reloaded before import = 0
Number of asset objects unloaded after import = 2
========================================================================
Received Import Request.
  Time since last request: 0.238365 seconds.
  path: Assets/Environment/Fantasy Skybox FREE/Scenes/Brush_Grass_01.png
  artifactKey: Guid(e3970f24555e12a46b75cdf5140ff23e) Importer(815301076,1909f56bfc062723c751e8b465ee728b)
Start importing Assets/Environment/Fantasy Skybox FREE/Scenes/Brush_Grass_01.png using Guid(e3970f24555e12a46b75cdf5140ff23e) Importer(815301076,1909f56bfc062723c751e8b465ee728b) [PhysX] Initialized MultithreadedTaskDispatcher with 20 workers.
[PhysX] Initialized MultithreadedTaskDispatcher with 20 workers.
 -> (artifact id: '2f2832229aab2143df94ac17eb983337') in 0.013359 seconds
Number of updated asset objects reloaded before import = 0
Number of asset objects unloaded after import = 2
========================================================================
Received Import Request.
  Time since last request: 0.034995 seconds.
  path: Assets/City Props Bundle/MAPS/containers/Non_ruined/container_blue_non_ruined_DefaultMaterial_AlbedoTransparency.png
  artifactKey: Guid(9908d324a8678a34593ae9a3be6d5d9a) Importer(815301076,1909f56bfc062723c751e8b465ee728b)
Start importing Assets/City Props Bundle/MAPS/containers/Non_ruined/container_blue_non_ruined_DefaultMaterial_AlbedoTransparency.png using Guid(9908d324a8678a34593ae9a3be6d5d9a) Importer(815301076,1909f56bfc062723c751e8b465ee728b) [PhysX] Initialized MultithreadedTaskDispatcher with 20 workers.
[PhysX] Initialized MultithreadedTaskDispatcher with 20 workers.
 -> (artifact id: 'f1d24184b249fbcab876ac0844b735bd') in 0.011955 seconds
Number of updated asset objects reloaded before import = 0
Number of asset objects unloaded after import = 2
========================================================================
Received Import Request.
  Time since last request: 0.361860 seconds.
  path: Assets/City Props Bundle/MAPS/containers/Non_ruined/container_blue_non_ruined_DefaultMaterial_MetallicSmoothness.png
  artifactKey: Guid(6ac271cb3a1a1914097b841cf4771065) Importer(815301076,1909f56bfc062723c751e8b465ee728b)
Start importing Assets/City Props Bundle/MAPS/containers/Non_ruined/container_blue_non_ruined_DefaultMaterial_MetallicSmoothness.png using Guid(6ac271cb3a1a1914097b841cf4771065) Importer(815301076,1909f56bfc062723c751e8b465ee728b) [PhysX] Initialized MultithreadedTaskDispatcher with 20 workers.
[PhysX] Initialized MultithreadedTaskDispatcher with 20 workers.
 -> (artifact id: '803aef82e71f5dbd9503014922dcaa4e') in 0.013296 seconds
Number of updated asset objects reloaded before import = 0
Number of asset objects unloaded after import = 2
========================================================================
Received Import Request.
  Time since last request: 0.024463 seconds.
  path: Assets/City Props Bundle/MAPS/containers/Ruined/container_blue_ruined_DefaultMaterial_AlbedoTransparency.png
  artifactKey: Guid(22fd6371ea71d9242a1bec9572cd747e) Importer(815301076,1909f56bfc062723c751e8b465ee728b)
Start importing Assets/City Props Bundle/MAPS/containers/Ruined/container_blue_ruined_DefaultMaterial_AlbedoTransparency.png using Guid(22fd6371ea71d9242a1bec9572cd747e) Importer(815301076,1909f56bfc062723c751e8b465ee728b) [PhysX] Initialized MultithreadedTaskDispatcher with 20 workers.
[PhysX] Initialized MultithreadedTaskDispatcher with 20 workers.
 -> (artifact id: 'fc6e7fda1619ef111c9989e230d9f94b') in 0.012294 seconds
Number of updated asset objects reloaded before import = 0
Number of asset objects unloaded after import = 2
========================================================================
Received Import Request.
  Time since last request: 0.467762 seconds.
  path: Assets/City Props Bundle/MAPS/containers/Ruined/container_blue_ruined_DefaultMaterial_MetallicSmoothness.png
  artifactKey: Guid(09f0a543e137e474c81cc6454f7f2c80) Importer(815301076,1909f56bfc062723c751e8b465ee728b)
Start importing Assets/City Props Bundle/MAPS/containers/Ruined/container_blue_ruined_DefaultMaterial_MetallicSmoothness.png using Guid(09f0a543e137e474c81cc6454f7f2c80) Importer(815301076,1909f56bfc062723c751e8b465ee728b) [PhysX] Initialized MultithreadedTaskDispatcher with 20 workers.
[PhysX] Initialized MultithreadedTaskDispatcher with 20 workers.
 -> (artifact id: 'b1914c569852d8ee06d65f40b4c42fcb') in 0.013154 seconds
Number of updated asset objects reloaded before import = 0
Number of asset objects unloaded after import = 2
========================================================================
Received Import Request.
  Time since last request: 0.034221 seconds.
  path: Assets/City Props Bundle/MAPS/containers/Non_ruined/container_red_non_ruined_DefaultMaterial_AlbedoTransparency.png
  artifactKey: Guid(6e3bd1b0348762840bac8d3eb0d09cbb) Importer(815301076,1909f56bfc062723c751e8b465ee728b)
Start importing Assets/City Props Bundle/MAPS/containers/Non_ruined/container_red_non_ruined_DefaultMaterial_AlbedoTransparency.png using Guid(6e3bd1b0348762840bac8d3eb0d09cbb) Importer(815301076,1909f56bfc062723c751e8b465ee728b) [PhysX] Initialized MultithreadedTaskDispatcher with 20 workers.
[PhysX] Initialized MultithreadedTaskDispatcher with 20 workers.
 -> (artifact id: '2b5d8fb2a27bc3f4535587b05b295ed2') in 0.011495 seconds
Number of updated asset objects reloaded before import = 0
Number of asset objects unloaded after import = 2
========================================================================
Received Import Request.
  Time since last request: 0.000021 seconds.
  path: Assets/City Props Bundle/MAPS/containers/Non_ruined/container_red_non_ruined_DefaultMaterial_AO.png
  artifactKey: Guid(77326b076101697489ea44b4567ec1e8) Importer(815301076,1909f56bfc062723c751e8b465ee728b)
Start importing Assets/City Props Bundle/MAPS/containers/Non_ruined/container_red_non_ruined_DefaultMaterial_AO.png using Guid(77326b076101697489ea44b4567ec1e8) Importer(815301076,1909f56bfc062723c751e8b465ee728b) [PhysX] Initialized MultithreadedTaskDispatcher with 20 workers.
[PhysX] Initialized MultithreadedTaskDispatcher with 20 workers.
 -> (artifact id: '2041d1d8562da866f90a8bd1326b5f38') in 0.011423 seconds
Number of updated asset objects reloaded before import = 0
Number of asset objects unloaded after import = 2
========================================================================
Received Import Request.
  Time since last request: 0.326157 seconds.
  path: Assets/City Props Bundle/MAPS/containers/Ruined/container_red_ruined_DefaultMaterial_AlbedoTransparency.png
  artifactKey: Guid(71730b5b89c43614c802ac96194c50b6) Importer(815301076,1909f56bfc062723c751e8b465ee728b)
Start importing Assets/City Props Bundle/MAPS/containers/Ruined/container_red_ruined_DefaultMaterial_AlbedoTransparency.png using Guid(71730b5b89c43614c802ac96194c50b6) Importer(815301076,1909f56bfc062723c751e8b465ee728b) [PhysX] Initialized MultithreadedTaskDispatcher with 20 workers.
[PhysX] Initialized MultithreadedTaskDispatcher with 20 workers.
 -> (artifact id: 'f6375a3b3b1b1b947824fe2bffa1ee8b') in 0.013180 seconds
Number of updated asset objects reloaded before import = 0
Number of asset objects unloaded after import = 2
========================================================================
Received Import Request.
  Time since last request: 1.430793 seconds.
  path: Assets/City Props Bundle/MAPS/dumpsters/clean/dumpster_02_blue_Material_AlbedoTransparency.png
  artifactKey: Guid(3e3244518af029e47ac65f6fa03ea626) Importer(815301076,1909f56bfc062723c751e8b465ee728b)
Start importing Assets/City Props Bundle/MAPS/dumpsters/clean/dumpster_02_blue_Material_AlbedoTransparency.png using Guid(3e3244518af029e47ac65f6fa03ea626) Importer(815301076,1909f56bfc062723c751e8b465ee728b) [PhysX] Initialized MultithreadedTaskDispatcher with 20 workers.
[PhysX] Initialized MultithreadedTaskDispatcher with 20 workers.
 -> (artifact id: 'fad3073e4bca05547eb5b6a402388cfe') in 0.016727 seconds
Number of updated asset objects reloaded before import = 0
Number of asset objects unloaded after import = 2
========================================================================
Received Import Request.
  Time since last request: 3.492299 seconds.
  path: Assets/City Props Bundle/MAPS/dumpsters/clean/dumpster_02_green_Material_AlbedoTransparency_Material_AlbedoTransparency.png
  artifactKey: Guid(bf75fe79bde521345a395775b6b157a7) Importer(815301076,1909f56bfc062723c751e8b465ee728b)
Start importing Assets/City Props Bundle/MAPS/dumpsters/clean/dumpster_02_green_Material_AlbedoTransparency_Material_AlbedoTransparency.png using Guid(bf75fe79bde521345a395775b6b157a7) Importer(815301076,1909f56bfc062723c751e8b465ee728b) [PhysX] Initialized MultithreadedTaskDispatcher with 20 workers.
[PhysX] Initialized MultithreadedTaskDispatcher with 20 workers.
 -> (artifact id: '83518f2c6414c7183ac2ab240388c069') in 0.017066 seconds
Number of updated asset objects reloaded before import = 0
Number of asset objects unloaded after import = 2
========================================================================
Received Import Request.
  Time since last request: 0.013222 seconds.
  path: Assets/City Props Bundle/MAPS/dumpsters/dirty/dumpster_red_dirty_Material.001_AlbedoTransparency.png
  artifactKey: Guid(66256cb8ddf12334c92c3b6e949039b9) Importer(815301076,1909f56bfc062723c751e8b465ee728b)
Start importing Assets/City Props Bundle/MAPS/dumpsters/dirty/dumpster_red_dirty_Material.001_AlbedoTransparency.png using Guid(66256cb8ddf12334c92c3b6e949039b9) Importer(815301076,1909f56bfc062723c751e8b465ee728b) [PhysX] Initialized MultithreadedTaskDispatcher with 20 workers.
[PhysX] Initialized MultithreadedTaskDispatcher with 20 workers.
 -> (artifact id: 'd09fb042e1d16f056c3b1a4b33020c28') in 0.020205 seconds
Number of updated asset objects reloaded before import = 0
Number of asset objects unloaded after import = 2
========================================================================
Received Import Request.
  Time since last request: 0.200555 seconds.
  path: Assets/Environment/Fantasy Skybox FREE/Scenes/Texure_Rock_Normal.png
  artifactKey: Guid(758b1fc63752a1e44957111d5af9b00c) Importer(815301076,1909f56bfc062723c751e8b465ee728b)
Start importing Assets/Environment/Fantasy Skybox FREE/Scenes/Texure_Rock_Normal.png using Guid(758b1fc63752a1e44957111d5af9b00c) Importer(815301076,1909f56bfc062723c751e8b465ee728b) [PhysX] Initialized MultithreadedTaskDispatcher with 20 workers.
[PhysX] Initialized MultithreadedTaskDispatcher with 20 workers.
 -> (artifact id: 'ebfb3ad1f4590983d3bf70a6b7886ea0') in 0.013837 seconds
Number of updated asset objects reloaded before import = 0
Number of asset objects unloaded after import = 2
========================================================================
Received Import Request.
  Time since last request: 1.513292 seconds.
  path: Assets/City Props Bundle/MAPS/road_barriers/road_barrier_concrete_DefaultMaterial_MetallicSmoothness.png
  artifactKey: Guid(b478f989721efcc47be00ff8da27f9f1) Importer(815301076,1909f56bfc062723c751e8b465ee728b)
Start importing Assets/City Props Bundle/MAPS/road_barriers/road_barrier_concrete_DefaultMaterial_MetallicSmoothness.png using Guid(b478f989721efcc47be00ff8da27f9f1) Importer(815301076,1909f56bfc062723c751e8b465ee728b) [PhysX] Initialized MultithreadedTaskDispatcher with 20 workers.
[PhysX] Initialized MultithreadedTaskDispatcher with 20 workers.
 -> (artifact id: '95caa9c717855a3f0533e7d12f3c8e47') in 0.014543 seconds
Number of updated asset objects reloaded before import = 0
Number of asset objects unloaded after import = 2
Editor requested this worker to shutdown with reason: Scaling down because of idle timeout
TcpMessagingSession - receive error: operation aborted. errorcode: 995, details: The I/O operation has been aborted because of either a thread exit or an application request.
AssetImportWorker is now disconnected from the server
Process exiting
Exiting without the bug reporter. Application will terminate with return code 0