Using pre-set license
Built from '2022.3/staging' branch; Version is '2022.3.33f1 (b2c853adf198) revision 11716691'; Using compiler version '192829333'; Build Type 'Release'
OS: 'Windows 11  (10.0.22631) 64bit Education' Language: 'en' Physical Memory: 32477 MB
BatchMode: 1, IsHumanControllingUs: 0, StartBugReporterOnCrash: 0, Is64bit: 1, IsPro: 1

COMMAND LINE ARGUMENTS:
C:\Program Files\Unity\Hub\Editor\2022.3.33f1\Editor\Unity.exe
-adb2
-batchMode
-noUpm
-name
AssetImportWorker4
-projectPath
C:/Users/2412587/Unity/Velocity Rush 3D
-logFile
Logs/AssetImportWorker4.log
-srvPort
53109
Successfully changed project path to: C:/Users/2412587/Unity/Velocity Rush 3D
C:/Users/2412587/Unity/Velocity Rush 3D
[UnityMemory] Configuration Parameters - Can be set up in boot.config
    "memorysetup-bucket-allocator-granularity=16"
    "memorysetup-bucket-allocator-bucket-count=8"
    "memorysetup-bucket-allocator-block-size=33554432"
    "memorysetup-bucket-allocator-block-count=8"
    "memorysetup-main-allocator-block-size=16777216"
    "memorysetup-thread-allocator-block-size=16777216"
    "memorysetup-gfx-main-allocator-block-size=16777216"
    "memorysetup-gfx-thread-allocator-block-size=16777216"
    "memorysetup-cache-allocator-block-size=4194304"
    "memorysetup-typetree-allocator-block-size=2097152"
    "memorysetup-profiler-bucket-allocator-granularity=16"
    "memorysetup-profiler-bucket-allocator-bucket-count=8"
    "memorysetup-profiler-bucket-allocator-block-size=33554432"
    "memorysetup-profiler-bucket-allocator-block-count=8"
    "memorysetup-profiler-allocator-block-size=16777216"
    "memorysetup-profiler-editor-allocator-block-size=1048576"
    "memorysetup-temp-allocator-size-main=16777216"
    "memorysetup-job-temp-allocator-block-size=2097152"
    "memorysetup-job-temp-allocator-block-size-background=1048576"
    "memorysetup-job-temp-allocator-reduction-small-platforms=262144"
    "memorysetup-allocator-temp-initial-block-size-main=262144"
    "memorysetup-allocator-temp-initial-block-size-worker=262144"
    "memorysetup-temp-allocator-size-background-worker=32768"
    "memorysetup-temp-allocator-size-job-worker=262144"
    "memorysetup-temp-allocator-size-preload-manager=33554432"
    "memorysetup-temp-allocator-size-nav-mesh-worker=65536"
    "memorysetup-temp-allocator-size-audio-worker=65536"
    "memorysetup-temp-allocator-size-cloud-worker=32768"
    "memorysetup-temp-allocator-size-gi-baking-worker=262144"
    "memorysetup-temp-allocator-size-gfx=262144"
Player connection [19112] Host "[IP] 10.4.4.212 [Port] 0 [Flags] 2 [Guid] 3122196191 [EditorId] 3122196191 [Version] 1048832 [Id] WindowsEditor(7,UL04PCJL21A-10) [Debug] 1 [PackageName] WindowsEditor [ProjectName] Editor" joined multi-casting on [225.0.0.222:54997]...

Player connection [19112] Host "[IP] 10.4.4.212 [Port] 0 [Flags] 2 [Guid] 3122196191 [EditorId] 3122196191 [Version] 1048832 [Id] WindowsEditor(7,UL04PCJL21A-10) [Debug] 1 [PackageName] WindowsEditor [ProjectName] Editor" joined alternative multi-casting on [225.0.0.222:34997]...

[PhysX] Initialized MultithreadedTaskDispatcher with 20 workers.
Refreshing native plugins compatible for Editor in 25.45 ms, found 3 plugins.
Preloading 0 native plugins for Editor in 0.00 ms.
Initialize engine version: 2022.3.33f1 (b2c853adf198)
[Subsystems] Discovering subsystems at path C:/Program Files/Unity/Hub/Editor/2022.3.33f1/Editor/Data/Resources/UnitySubsystems
[Subsystems] Discovering subsystems at path C:/Users/2412587/Unity/Velocity Rush 3D/Assets
GfxDevice: creating device client; threaded=0; jobified=0
Direct3D:
    Version:  Direct3D 11.0 [level 11.1]
    Renderer: NVIDIA GeForce RTX 3080 (ID=0x2206)
    Vendor:   NVIDIA
    VRAM:     10053 MB
    Driver:   32.0.15.6109
Initialize mono
Mono path[0] = 'C:/Program Files/Unity/Hub/Editor/2022.3.33f1/Editor/Data/Managed'
Mono path[1] = 'C:/Program Files/Unity/Hub/Editor/2022.3.33f1/Editor/Data/MonoBleedingEdge/lib/mono/unityjit-win32'
Mono config path = 'C:/Program Files/Unity/Hub/Editor/2022.3.33f1/Editor/Data/MonoBleedingEdge/etc'
Using monoOptions --debugger-agent=transport=dt_socket,embedding=1,server=y,suspend=n,address=127.0.0.1:56436
Begin MonoManager ReloadAssembly
Registering precompiled unity dll's ...
Register platform support module: C:/Program Files/Unity/Hub/Editor/2022.3.33f1/Editor/Data/PlaybackEngines/AndroidPlayer/UnityEditor.Android.Extensions.dll
Register platform support module: C:/Program Files/Unity/Hub/Editor/2022.3.33f1/Editor/Data/PlaybackEngines/iOSSupport/UnityEditor.iOS.Extensions.dll
Register platform support module: C:/Program Files/Unity/Hub/Editor/2022.3.33f1/Editor/Data/PlaybackEngines/WindowsStandaloneSupport/UnityEditor.WindowsStandalone.Extensions.dll
Registered in 0.013806 seconds.
- Loaded All Assemblies, in  0.441 seconds
Native extension for WindowsStandalone target not found
[usbmuxd] Start listen thread
[usbmuxd] Listen thread started
Native extension for iOS target not found
Native extension for Android target not found
Android Extension - Scanning For ADB Devices 565 ms
Mono: successfully reloaded assembly
- Finished resetting the current domain, in  0.931 seconds
Domain Reload Profiling: 1371ms
	BeginReloadAssembly (161ms)
		ExecutionOrderSort (0ms)
		DisableScriptedObjects (0ms)
		BackupInstance (0ms)
		ReleaseScriptingObjects (0ms)
		CreateAndSetChildDomain (1ms)
	RebuildCommonClasses (37ms)
	RebuildNativeTypeToScriptingClass (10ms)
	initialDomainReloadingComplete (63ms)
	LoadAllAssembliesAndSetupDomain (168ms)
		LoadAssemblies (162ms)
		RebuildTransferFunctionScriptingTraits (0ms)
		AnalyzeDomain (163ms)
			TypeCache.Refresh (162ms)
				TypeCache.ScanAssembly (144ms)
			ScanForSourceGeneratedMonoScriptInfo (0ms)
			ResolveRequiredComponents (1ms)
	FinalizeReload (932ms)
		ReleaseScriptCaches (0ms)
		RebuildScriptCaches (0ms)
		SetupLoadedEditorAssemblies (876ms)
			LogAssemblyErrors (0ms)
			InitializePlatformSupportModulesInManaged (709ms)
			SetLoadedEditorAssemblies (4ms)
			RefreshPlugins (0ms)
			BeforeProcessingInitializeOnLoad (2ms)
			ProcessInitializeOnLoadAttributes (116ms)
			ProcessInitializeOnLoadMethodAttributes (46ms)
			AfterProcessingInitializeOnLoad (0ms)
			EditorAssembliesLoaded (0ms)
		ExecutionOrderSort2 (0ms)
		AwakeInstancesAfterBackupRestoration (0ms)
========================================================================
Worker process is ready to serve import requests
Begin MonoManager ReloadAssembly
- Loaded All Assemblies, in  2.841 seconds
Refreshing native plugins compatible for Editor in 11.12 ms, found 3 plugins.
Native extension for WindowsStandalone target not found
Native extension for iOS target not found
Native extension for Android target not found
Package Manager log level set to [2]
[Package Manager] Server::EnsureServerProcessIsRunning -- launch failed, reason: Unity was launched with the -noUpm command-line argument
[Package Manager] UpmClient::Send -- Unable to send message (not connected to UPM process).
[Package Manager] Cannot connect to Unity Package Manager local server
Mono: successfully reloaded assembly
- Finished resetting the current domain, in  0.695 seconds
Domain Reload Profiling: 3534ms
	BeginReloadAssembly (192ms)
		ExecutionOrderSort (0ms)
		DisableScriptedObjects (6ms)
		BackupInstance (0ms)
		ReleaseScriptingObjects (0ms)
		CreateAndSetChildDomain (27ms)
	RebuildCommonClasses (34ms)
	RebuildNativeTypeToScriptingClass (11ms)
	initialDomainReloadingComplete (44ms)
	LoadAllAssembliesAndSetupDomain (2558ms)
		LoadAssemblies (2442ms)
		RebuildTransferFunctionScriptingTraits (0ms)
		AnalyzeDomain (243ms)
			TypeCache.Refresh (214ms)
				TypeCache.ScanAssembly (194ms)
			ScanForSourceGeneratedMonoScriptInfo (20ms)
			ResolveRequiredComponents (7ms)
	FinalizeReload (695ms)
		ReleaseScriptCaches (0ms)
		RebuildScriptCaches (0ms)
		SetupLoadedEditorAssemblies (529ms)
			LogAssemblyErrors (0ms)
			InitializePlatformSupportModulesInManaged (37ms)
			SetLoadedEditorAssemblies (3ms)
			RefreshPlugins (0ms)
			BeforeProcessingInitializeOnLoad (66ms)
			ProcessInitializeOnLoadAttributes (355ms)
			ProcessInitializeOnLoadMethodAttributes (61ms)
			AfterProcessingInitializeOnLoad (7ms)
			EditorAssembliesLoaded (0ms)
		ExecutionOrderSort2 (0ms)
		AwakeInstancesAfterBackupRestoration (9ms)
Launched and connected shader compiler UnityShaderCompiler.exe after 0.08 seconds
Refreshing native plugins compatible for Editor in 9.42 ms, found 3 plugins.
Preloading 0 native plugins for Editor in 0.00 ms.
Unloading 4362 Unused Serialized files (Serialized files now loaded: 0)
Unloading 57 unused Assets / (418.1 KB). Loaded Objects now: 4830.
Memory consumption went from 158.0 MB to 157.6 MB.
Total: 4.197900 ms (FindLiveObjects: 0.412300 ms CreateObjectMapping: 0.271500 ms MarkObjects: 3.292700 ms  DeleteObjects: 0.219900 ms)

AssetImportParameters requested are different than current active one (requested -> active):
  custom:container-demuxer-ogg: 62fdf1f143b41e24485cea50d1cbac27 -> 
  custom:video-codec-MediaFoundation-h265: 746d11721c4dcdbdad8f713fa42b33f4 -> 
  custom:video-decoder-ogg-theora: a1e56fd34408186e4bbccfd4996cb3dc -> 
  custom:framework-win-MediaFoundation: 216162199b28c13a410421893ffa2e32 -> 
  custom:CustomObjectIndexerAttribute: 9a22284fe3817be447336de3de66b15e -> 
  custom:container-demuxer-webm: 4f35f7cbe854078d1ac9338744f61a02 -> 
  custom:container-muxer-webm: aa71ff27fc2769a1b78a27578f13a17b -> 
  custom:video-decoder-webm-vp8: 9c59270c3fd7afecdb556c50c9e8de78 -> 
  custom:SearchIndexIgnoredProperties: e643bd26f0fe6173181afceb89e7c659 -> 
  custom:AudioImporter_EditorPlatform: d09bf68614088b80899f8185d706f6e7 -> 
  custom:video-encoder-webm-vp8: eb34c28f22e8b96e1ab97ce403110664 -> 
  custom:scripting/monoscript/fileName/RoadManager.cs: 5a5c8a103d767a4f86cda85b2595253a -> 
  custom:audio-decoder-ogg-vorbis: bf7c407c2cedff20999df2af8eb42d56 -> 
  custom:audio-encoder-webm-vorbis: bf7c407c2cedff20999df2af8eb42d56 -> 
========================================================================
Received Import Request.
  Time since last request: 5278.831970 seconds.
  path: Assets/City Props Bundle/MAPS/containers/Ruined/container_red_ruined_DefaultMaterial_AO.png
  artifactKey: Guid(ef94ac8c693dfe148952f014528c4844) Importer(815301076,1909f56bfc062723c751e8b465ee728b)
Start importing Assets/City Props Bundle/MAPS/containers/Ruined/container_red_ruined_DefaultMaterial_AO.png using Guid(ef94ac8c693dfe148952f014528c4844) Importer(815301076,1909f56bfc062723c751e8b465ee728b) [PhysX] Initialized MultithreadedTaskDispatcher with 20 workers.
[PhysX] Initialized MultithreadedTaskDispatcher with 20 workers.
 -> (artifact id: '59043c36e344f049a796934978c02181') in 0.059966 seconds
Number of updated asset objects reloaded before import = 0
Number of asset objects unloaded after import = 2
========================================================================
Received Import Request.
  Time since last request: 0.309584 seconds.
  path: Assets/City Props Bundle/MAPS/containers/Ruined/container_red_ruined_DefaultMaterial_Normal.png
  artifactKey: Guid(d27849c53b7939843a73eda185cf2eab) Importer(815301076,1909f56bfc062723c751e8b465ee728b)
Start importing Assets/City Props Bundle/MAPS/containers/Ruined/container_red_ruined_DefaultMaterial_Normal.png using Guid(d27849c53b7939843a73eda185cf2eab) Importer(815301076,1909f56bfc062723c751e8b465ee728b) [PhysX] Initialized MultithreadedTaskDispatcher with 20 workers.
[PhysX] Initialized MultithreadedTaskDispatcher with 20 workers.
 -> (artifact id: '2a5e098c4f8bda30cabc9c091b273e1a') in 0.033622 seconds
Number of updated asset objects reloaded before import = 0
Number of asset objects unloaded after import = 2
========================================================================
Received Import Request.
  Time since last request: 0.022641 seconds.
  path: Assets/City Props Bundle/MAPS/containers/Non_ruined/container_yellow_non_ruined_DefaultMaterial_AO.png
  artifactKey: Guid(af54842601674094f86a7f87a0cb5810) Importer(815301076,1909f56bfc062723c751e8b465ee728b)
Start importing Assets/City Props Bundle/MAPS/containers/Non_ruined/container_yellow_non_ruined_DefaultMaterial_AO.png using Guid(af54842601674094f86a7f87a0cb5810) Importer(815301076,1909f56bfc062723c751e8b465ee728b) [PhysX] Initialized MultithreadedTaskDispatcher with 20 workers.
[PhysX] Initialized MultithreadedTaskDispatcher with 20 workers.
 -> (artifact id: 'b88ca09ce037b9463e9cdf4fb1ec3685') in 0.010728 seconds
Number of updated asset objects reloaded before import = 0
Number of asset objects unloaded after import = 2
========================================================================
Received Import Request.
  Time since last request: 0.035015 seconds.
  path: Assets/City Props Bundle/MAPS/containers/Non_ruined/container_yellow_non_ruined_DefaultMaterial_Normal.png
  artifactKey: Guid(171565735752fc943b5df3f6f893db65) Importer(815301076,1909f56bfc062723c751e8b465ee728b)
Start importing Assets/City Props Bundle/MAPS/containers/Non_ruined/container_yellow_non_ruined_DefaultMaterial_Normal.png using Guid(171565735752fc943b5df3f6f893db65) Importer(815301076,1909f56bfc062723c751e8b465ee728b) [PhysX] Initialized MultithreadedTaskDispatcher with 20 workers.
[PhysX] Initialized MultithreadedTaskDispatcher with 20 workers.
 -> (artifact id: 'f51fdfc3d9aae57688b735759c1e10ef') in 0.013918 seconds
Number of updated asset objects reloaded before import = 0
Number of asset objects unloaded after import = 2
========================================================================
Received Import Request.
  Time since last request: 0.478524 seconds.
  path: Assets/City Props Bundle/MAPS/containers/Ruined/container_yellow_ruined_DefaultMaterial_AO.png
  artifactKey: Guid(d742c12f919ed0b47a3a2253942ac32c) Importer(815301076,1909f56bfc062723c751e8b465ee728b)
Start importing Assets/City Props Bundle/MAPS/containers/Ruined/container_yellow_ruined_DefaultMaterial_AO.png using Guid(d742c12f919ed0b47a3a2253942ac32c) Importer(815301076,1909f56bfc062723c751e8b465ee728b) [PhysX] Initialized MultithreadedTaskDispatcher with 20 workers.
[PhysX] Initialized MultithreadedTaskDispatcher with 20 workers.
 -> (artifact id: 'a7593a7534cd277bbad084690240d7a2') in 0.012135 seconds
Number of updated asset objects reloaded before import = 0
Number of asset objects unloaded after import = 2
========================================================================
Received Import Request.
  Time since last request: 0.002552 seconds.
  path: Assets/City Props Bundle/MAPS/containers/Ruined/container_yellow_ruined_DefaultMaterial_Normal.png
  artifactKey: Guid(a62e2cae14b54b247913c0099a9c8e5c) Importer(815301076,1909f56bfc062723c751e8b465ee728b)
Start importing Assets/City Props Bundle/MAPS/containers/Ruined/container_yellow_ruined_DefaultMaterial_Normal.png using Guid(a62e2cae14b54b247913c0099a9c8e5c) Importer(815301076,1909f56bfc062723c751e8b465ee728b) [PhysX] Initialized MultithreadedTaskDispatcher with 20 workers.
[PhysX] Initialized MultithreadedTaskDispatcher with 20 workers.
 -> (artifact id: 'd87aac9c3018e4d7ee70049a9f051a86') in 0.013628 seconds
Number of updated asset objects reloaded before import = 0
Number of asset objects unloaded after import = 2
========================================================================
Received Import Request.
  Time since last request: 0.024465 seconds.
  path: Assets/City Props Bundle/MAPS/dumpsters/clean/dumpster_01_red_clean_Material.001_AO.png
  artifactKey: Guid(0cc34d54c69317540a62a9046df33acb) Importer(815301076,1909f56bfc062723c751e8b465ee728b)
Start importing Assets/City Props Bundle/MAPS/dumpsters/clean/dumpster_01_red_clean_Material.001_AO.png using Guid(0cc34d54c69317540a62a9046df33acb) Importer(815301076,1909f56bfc062723c751e8b465ee728b) [PhysX] Initialized MultithreadedTaskDispatcher with 20 workers.
[PhysX] Initialized MultithreadedTaskDispatcher with 20 workers.
 -> (artifact id: 'a973ff4932d0a03883031f3257ef91b4') in 0.011425 seconds
Number of updated asset objects reloaded before import = 0
Number of asset objects unloaded after import = 2
========================================================================
Received Import Request.
  Time since last request: 0.317257 seconds.
  path: Assets/City Props Bundle/MAPS/dumpsters/clean/dumpster_01_red_clean_Material.001_Normal.png
  artifactKey: Guid(f1173d67e3cf4964998e412b7ea29a46) Importer(815301076,1909f56bfc062723c751e8b465ee728b)
Start importing Assets/City Props Bundle/MAPS/dumpsters/clean/dumpster_01_red_clean_Material.001_Normal.png using Guid(f1173d67e3cf4964998e412b7ea29a46) Importer(815301076,1909f56bfc062723c751e8b465ee728b) [PhysX] Initialized MultithreadedTaskDispatcher with 20 workers.
[PhysX] Initialized MultithreadedTaskDispatcher with 20 workers.
 -> (artifact id: '3acc40d678031b1003f18a6e2c7f690f') in 0.019023 seconds
Number of updated asset objects reloaded before import = 0
Number of asset objects unloaded after import = 2
========================================================================
Received Import Request.
  Time since last request: 0.032146 seconds.
  path: Assets/City Props Bundle/MAPS/dumpsters/dirty/dumpster_01_red_dirty_Material.001_MetallicSmoothness.png
  artifactKey: Guid(e39a89fe454637f45896e34eb9c1a6c9) Importer(815301076,1909f56bfc062723c751e8b465ee728b)
Start importing Assets/City Props Bundle/MAPS/dumpsters/dirty/dumpster_01_red_dirty_Material.001_MetallicSmoothness.png using Guid(e39a89fe454637f45896e34eb9c1a6c9) Importer(815301076,1909f56bfc062723c751e8b465ee728b) [PhysX] Initialized MultithreadedTaskDispatcher with 20 workers.
[PhysX] Initialized MultithreadedTaskDispatcher with 20 workers.
 -> (artifact id: 'ccd4115aeea3455abf761ef32732d409') in 0.016916 seconds
Number of updated asset objects reloaded before import = 0
Number of asset objects unloaded after import = 2
========================================================================
Received Import Request.
  Time since last request: 0.000021 seconds.
  path: Assets/City Props Bundle/MAPS/dumpsters/clean/dumpster_02_blue_Material_AO.png
  artifactKey: Guid(bfce951f4b22df84a8d2326ea0f67867) Importer(815301076,1909f56bfc062723c751e8b465ee728b)
Start importing Assets/City Props Bundle/MAPS/dumpsters/clean/dumpster_02_blue_Material_AO.png using Guid(bfce951f4b22df84a8d2326ea0f67867) Importer(815301076,1909f56bfc062723c751e8b465ee728b) [PhysX] Initialized MultithreadedTaskDispatcher with 20 workers.
[PhysX] Initialized MultithreadedTaskDispatcher with 20 workers.
 -> (artifact id: '48b21017732ba17621f3efd483a1e52e') in 0.011628 seconds
Number of updated asset objects reloaded before import = 0
Number of asset objects unloaded after import = 2
========================================================================
Received Import Request.
  Time since last request: 3.479592 seconds.
  path: Assets/City Props Bundle/MAPS/dumpsters/clean/dumpster_02_blue_Material_MetallicSmoothness.png
  artifactKey: Guid(e025d100bdf72ee439f87e4934d52906) Importer(815301076,1909f56bfc062723c751e8b465ee728b)
Start importing Assets/City Props Bundle/MAPS/dumpsters/clean/dumpster_02_blue_Material_MetallicSmoothness.png using Guid(e025d100bdf72ee439f87e4934d52906) Importer(815301076,1909f56bfc062723c751e8b465ee728b) [PhysX] Initialized MultithreadedTaskDispatcher with 20 workers.
[PhysX] Initialized MultithreadedTaskDispatcher with 20 workers.
 -> (artifact id: 'cc5089266849ead092d00b57f9cb00d5') in 0.015206 seconds
Number of updated asset objects reloaded before import = 0
Number of asset objects unloaded after import = 2
========================================================================
Received Import Request.
  Time since last request: 0.017256 seconds.
  path: Assets/City Props Bundle/MAPS/dumpsters/clean/dumpster_02_green_Material_AO.png
  artifactKey: Guid(7c18850f52035ec4d956d890f99e5a8d) Importer(815301076,1909f56bfc062723c751e8b465ee728b)
Start importing Assets/City Props Bundle/MAPS/dumpsters/clean/dumpster_02_green_Material_AO.png using Guid(7c18850f52035ec4d956d890f99e5a8d) Importer(815301076,1909f56bfc062723c751e8b465ee728b) [PhysX] Initialized MultithreadedTaskDispatcher with 20 workers.
[PhysX] Initialized MultithreadedTaskDispatcher with 20 workers.
 -> (artifact id: '1d9c10a40c0e52d85ede9aeb4c7d90c1') in 0.019771 seconds
Number of updated asset objects reloaded before import = 0
Number of asset objects unloaded after import = 2
========================================================================
Received Import Request.
  Time since last request: 0.000022 seconds.
  path: Assets/City Props Bundle/MAPS/dumpsters/clean/dumpster_02_green_Material_Normal.png
  artifactKey: Guid(0f3ce8a8137e38b47ac073a56dcbd3ba) Importer(815301076,1909f56bfc062723c751e8b465ee728b)
Start importing Assets/City Props Bundle/MAPS/dumpsters/clean/dumpster_02_green_Material_Normal.png using Guid(0f3ce8a8137e38b47ac073a56dcbd3ba) Importer(815301076,1909f56bfc062723c751e8b465ee728b) [PhysX] Initialized MultithreadedTaskDispatcher with 20 workers.
[PhysX] Initialized MultithreadedTaskDispatcher with 20 workers.
 -> (artifact id: 'ca5661bec9b18eda1f632e5a50ef30f4') in 0.019413 seconds
Number of updated asset objects reloaded before import = 0
Number of asset objects unloaded after import = 2
========================================================================
Received Import Request.
  Time since last request: 0.178622 seconds.
  path: Assets/Environment/Road props for games/Textures/512/Road_props_textures_512.png
  artifactKey: Guid(604e4537428e35e44a1b2cfab59c9ea0) Importer(815301076,1909f56bfc062723c751e8b465ee728b)
Start importing Assets/Environment/Road props for games/Textures/512/Road_props_textures_512.png using Guid(604e4537428e35e44a1b2cfab59c9ea0) Importer(815301076,1909f56bfc062723c751e8b465ee728b) [PhysX] Initialized MultithreadedTaskDispatcher with 20 workers.
[PhysX] Initialized MultithreadedTaskDispatcher with 20 workers.
 -> (artifact id: 'c0cdf8e10c0d2c25cbb7537924a913ab') in 0.011192 seconds
Number of updated asset objects reloaded before import = 0
Number of asset objects unloaded after import = 2
========================================================================
Received Import Request.
  Time since last request: 1.516025 seconds.
  path: Assets/City Props Bundle/MAPS/road_barriers/road_barrier_concrete_DefaultMaterial_AlbedoTransparency.png
  artifactKey: Guid(8fc2c6568f10a2f4dabb9b0c46191c97) Importer(815301076,1909f56bfc062723c751e8b465ee728b)
Start importing Assets/City Props Bundle/MAPS/road_barriers/road_barrier_concrete_DefaultMaterial_AlbedoTransparency.png using Guid(8fc2c6568f10a2f4dabb9b0c46191c97) Importer(815301076,1909f56bfc062723c751e8b465ee728b) [PhysX] Initialized MultithreadedTaskDispatcher with 20 workers.
[PhysX] Initialized MultithreadedTaskDispatcher with 20 workers.
 -> (artifact id: '31c9ffa22d81667a5b8114c612f9e764') in 0.015458 seconds
Number of updated asset objects reloaded before import = 0
Number of asset objects unloaded after import = 2
========================================================================
Received Import Request.
  Time since last request: 0.000022 seconds.
  path: Assets/Environment/Road props for games/Textures/2k/Road_props_textures_2k.png
  artifactKey: Guid(afc1d3f345b2b7642a3ee2686e255d3f) Importer(815301076,1909f56bfc062723c751e8b465ee728b)
Start importing Assets/Environment/Road props for games/Textures/2k/Road_props_textures_2k.png using Guid(afc1d3f345b2b7642a3ee2686e255d3f) Importer(815301076,1909f56bfc062723c751e8b465ee728b) [PhysX] Initialized MultithreadedTaskDispatcher with 20 workers.
[PhysX] Initialized MultithreadedTaskDispatcher with 20 workers.
 -> (artifact id: '5c8029fa51ff4bffd35313908a0e532a') in 0.013446 seconds
Number of updated asset objects reloaded before import = 0
Number of asset objects unloaded after import = 2
========================================================================
Received Import Request.
  Time since last request: 2.352330 seconds.
  path: Assets/City Props Bundle/MAPS/road_barriers/road_barrier_02_Material_MetallicSmoothness.png
  artifactKey: Guid(1d1ef7bb9b572e145996cc628f5f6099) Importer(815301076,1909f56bfc062723c751e8b465ee728b)
Start importing Assets/City Props Bundle/MAPS/road_barriers/road_barrier_02_Material_MetallicSmoothness.png using Guid(1d1ef7bb9b572e145996cc628f5f6099) Importer(815301076,1909f56bfc062723c751e8b465ee728b) [PhysX] Initialized MultithreadedTaskDispatcher with 20 workers.
[PhysX] Initialized MultithreadedTaskDispatcher with 20 workers.
 -> (artifact id: '08e64964d94f603aa0c06ee380721d1d') in 0.015166 seconds
Number of updated asset objects reloaded before import = 0
Number of asset objects unloaded after import = 2
========================================================================
Received Import Request.
  Time since last request: 0.016905 seconds.
  path: Assets/City Props Bundle/MAPS/road_barriers/road_barrier_02_Material_AlbedoTransparency.png
  artifactKey: Guid(5e737a6f31573c745b640e0993274b62) Importer(815301076,1909f56bfc062723c751e8b465ee728b)
Start importing Assets/City Props Bundle/MAPS/road_barriers/road_barrier_02_Material_AlbedoTransparency.png using Guid(5e737a6f31573c745b640e0993274b62) Importer(815301076,1909f56bfc062723c751e8b465ee728b) [PhysX] Initialized MultithreadedTaskDispatcher with 20 workers.
[PhysX] Initialized MultithreadedTaskDispatcher with 20 workers.
 -> (artifact id: '4e0bcd9ef036f90a3c3f8da3f82bb8f5') in 0.012720 seconds
Number of updated asset objects reloaded before import = 0
Number of asset objects unloaded after import = 2
========================================================================
Received Import Request.
  Time since last request: 1201.806592 seconds.
  path: Assets/Textures/road 1 - Copy.png
  artifactKey: Guid(da55e495bf49d77479d5333217224320) Importer(815301076,1909f56bfc062723c751e8b465ee728b)
Start importing Assets/Textures/road 1 - Copy.png using Guid(da55e495bf49d77479d5333217224320) Importer(815301076,1909f56bfc062723c751e8b465ee728b) [PhysX] Initialized MultithreadedTaskDispatcher with 20 workers.
[PhysX] Initialized MultithreadedTaskDispatcher with 20 workers.
 -> (artifact id: '9eced4d3796a3076bade863999a2bde1') in 0.013452 seconds
Number of updated asset objects reloaded before import = 0
Number of asset objects unloaded after import = 2
========================================================================
Received Import Request.
  Time since last request: 44.201315 seconds.
  path: Assets/Environment/Fantasy Skybox FREE/Cubemaps/FS002/Images/FS002_Day_Cubemap_front.png
  artifactKey: Guid(2ad190412b7214d4dbac8b94d41040ab) Importer(815301076,1909f56bfc062723c751e8b465ee728b)
Start importing Assets/Environment/Fantasy Skybox FREE/Cubemaps/FS002/Images/FS002_Day_Cubemap_front.png using Guid(2ad190412b7214d4dbac8b94d41040ab) Importer(815301076,1909f56bfc062723c751e8b465ee728b) [PhysX] Initialized MultithreadedTaskDispatcher with 20 workers.
[PhysX] Initialized MultithreadedTaskDispatcher with 20 workers.
 -> (artifact id: '466082b4afefde97a0f9c69cddd19e5c') in 0.012517 seconds
Number of updated asset objects reloaded before import = 0
Number of asset objects unloaded after import = 2
========================================================================
Received Import Request.
  Time since last request: 0.011286 seconds.
  path: Assets/Environment/Fantasy Skybox FREE/Cubemaps/FS002/Images/FS002_Night_Cubemap_front.png
  artifactKey: Guid(b7e7a8d676da05c47a63ff0e9dccd511) Importer(815301076,1909f56bfc062723c751e8b465ee728b)
Start importing Assets/Environment/Fantasy Skybox FREE/Cubemaps/FS002/Images/FS002_Night_Cubemap_front.png using Guid(b7e7a8d676da05c47a63ff0e9dccd511) Importer(815301076,1909f56bfc062723c751e8b465ee728b) [PhysX] Initialized MultithreadedTaskDispatcher with 20 workers.
[PhysX] Initialized MultithreadedTaskDispatcher with 20 workers.
 -> (artifact id: 'a1bc430fc915742f5b2c6ac8b3607832') in 0.015538 seconds
Number of updated asset objects reloaded before import = 0
Number of asset objects unloaded after import = 2
========================================================================
Received Import Request.
  Time since last request: 0.000022 seconds.
  path: Assets/Environment/Fantasy Skybox FREE/Cubemaps/FS002/Images/FS002_Sunrise_Cubemap_front.png
  artifactKey: Guid(3af64c6c8b148e742a850fa606a286b0) Importer(815301076,1909f56bfc062723c751e8b465ee728b)
Start importing Assets/Environment/Fantasy Skybox FREE/Cubemaps/FS002/Images/FS002_Sunrise_Cubemap_front.png using Guid(3af64c6c8b148e742a850fa606a286b0) Importer(815301076,1909f56bfc062723c751e8b465ee728b) [PhysX] Initialized MultithreadedTaskDispatcher with 20 workers.
[PhysX] Initialized MultithreadedTaskDispatcher with 20 workers.
 -> (artifact id: '03d375304b108db8b168d139ae5a8a64') in 0.011389 seconds
Number of updated asset objects reloaded before import = 0
Number of asset objects unloaded after import = 2
========================================================================
Received Import Request.
  Time since last request: 0.000021 seconds.
  path: Assets/Environment/Fantasy Skybox FREE/Cubemaps/FS002/Images/FS002_Sunset_Cubemap_front.png
  artifactKey: Guid(6d8406ccba0700c4886ae844afb80f57) Importer(815301076,1909f56bfc062723c751e8b465ee728b)
Start importing Assets/Environment/Fantasy Skybox FREE/Cubemaps/FS002/Images/FS002_Sunset_Cubemap_front.png using Guid(6d8406ccba0700c4886ae844afb80f57) Importer(815301076,1909f56bfc062723c751e8b465ee728b) [PhysX] Initialized MultithreadedTaskDispatcher with 20 workers.
[PhysX] Initialized MultithreadedTaskDispatcher with 20 workers.
 -> (artifact id: 'c3aa7e8551e2fefecb1e33dfd363af6e') in 0.011781 seconds
Number of updated asset objects reloaded before import = 0
Number of asset objects unloaded after import = 2
Editor requested this worker to shutdown with reason: Scaling down because of idle timeout
TcpMessagingSession - receive error: operation aborted. errorcode: 995, details: The I/O operation has been aborted because of either a thread exit or an application request.
AssetImportWorker is now disconnected from the server
Process exiting
Exiting without the bug reporter. Application will terminate with return code 0